Determining if the pthread_create exist failed with the following output:
Change Dir: /home/team5/Desktop/robo-miscs/RM_ROS/auto_car/src/CMakeFiles/CMakeTmp

Run Build Command:"/usr/bin/make" "cmTC_d414e/fast"
make[1]: Entering directory '/home/team5/Desktop/robo-miscs/RM_ROS/auto_car/src/CMakeFiles/CMakeTmp'
/usr/bin/make -f CMakeFiles/cmTC_d414e.dir/build.make CMakeFiles/cmTC_d414e.dir/build
make[2]: Entering directory '/home/team5/Desktop/robo-miscs/RM_ROS/auto_car/src/CMakeFiles/CMakeTmp'
Building C object CMakeFiles/cmTC_d414e.dir/CheckSymbolExists.c.o
/usr/bin/cc     -o CMakeFiles/cmTC_d414e.dir/CheckSymbolExists.c.o   -c /home/team5/Desktop/robo-miscs/RM_ROS/auto_car/src/CMakeFiles/CMakeTmp/CheckSymbolExists.c
Linking C executable cmTC_d414e
/usr/bin/cmake -E cmake_link_script CMakeFiles/cmTC_d414e.dir/link.txt --verbose=1
/usr/bin/cc       CMakeFiles/cmTC_d414e.dir/CheckSymbolExists.c.o  -o cmTC_d414e -rdynamic 
CMakeFiles/cmTC_d414e.dir/CheckSymbolExists.c.o：在函数‘main’中：
CheckSymbolExists.c:(.text+0x16)：对‘pthread_create’未定义的引用
collect2: error: ld returned 1 exit status
CMakeFiles/cmTC_d414e.dir/build.make:97: recipe for target 'cmTC_d414e' failed
make[2]: *** [cmTC_d414e] Error 1
make[2]: Leaving directory '/home/team5/Desktop/robo-miscs/RM_ROS/auto_car/src/CMakeFiles/CMakeTmp'
Makefile:126: recipe for target 'cmTC_d414e/fast' failed
make[1]: *** [cmTC_d414e/fast] Error 2
make[1]: Leaving directory '/home/team5/Desktop/robo-miscs/RM_ROS/auto_car/src/CMakeFiles/CMakeTmp'

File /home/team5/Desktop/robo-miscs/RM_ROS/auto_car/src/CMakeFiles/CMakeTmp/CheckSymbolExists.c:
/* */
#include <pthread.h>

int main(int argc, char** argv)
{
  (void)argv;
#ifndef pthread_create
  return ((int*)(&pthread_create))[argc];
#else
  (void)argc;
  return 0;
#endif
}

Determining if the function pthread_create exists in the pthreads failed with the following output:
Change Dir: /home/team5/Desktop/robo-miscs/RM_ROS/auto_car/src/CMakeFiles/CMakeTmp

Run Build Command:"/usr/bin/make" "cmTC_afbba/fast"
make[1]: Entering directory '/home/team5/Desktop/robo-miscs/RM_ROS/auto_car/src/CMakeFiles/CMakeTmp'
/usr/bin/make -f CMakeFiles/cmTC_afbba.dir/build.make CMakeFiles/cmTC_afbba.dir/build
make[2]: Entering directory '/home/team5/Desktop/robo-miscs/RM_ROS/auto_car/src/CMakeFiles/CMakeTmp'
Building C object CMakeFiles/cmTC_afbba.dir/CheckFunctionExists.c.o
/usr/bin/cc    -DCHECK_FUNCTION_EXISTS=pthread_create   -o CMakeFiles/cmTC_afbba.dir/CheckFunctionExists.c.o   -c /usr/share/cmake-3.5/Modules/CheckFunctionExists.c
Linking C executable cmTC_afbba
/usr/bin/cmake -E cmake_link_script CMakeFiles/cmTC_afbba.dir/link.txt --verbose=1
/usr/bin/cc   -DCHECK_FUNCTION_EXISTS=pthread_create    CMakeFiles/cmTC_afbba.dir/CheckFunctionExists.c.o  -o cmTC_afbba -rdynamic -lpthreads 
/usr/bin/ld: 找不到 -lpthreads
collect2: error: ld returned 1 exit status
CMakeFiles/cmTC_afbba.dir/build.make:97: recipe for target 'cmTC_afbba' failed
make[2]: *** [cmTC_afbba] Error 1
make[2]: Leaving directory '/home/team5/Desktop/robo-miscs/RM_ROS/auto_car/src/CMakeFiles/CMakeTmp'
Makefile:126: recipe for target 'cmTC_afbba/fast' failed
make[1]: *** [cmTC_afbba/fast] Error 2
make[1]: Leaving directory '/home/team5/Desktop/robo-miscs/RM_ROS/auto_car/src/CMakeFiles/CMakeTmp'


