Determining if the pthread_create exist failed with the following output:
Change Dir: /home/leory/Yaphets_ws/src/apriltags_ros/apriltags_ros/CMakeFiles/CMakeTmp

Run Build Command:"/usr/bin/make" "cmTC_3b018/fast"
make[1]: Entering directory '/home/leory/Yaphets_ws/src/apriltags_ros/apriltags_ros/CMakeFiles/CMakeTmp'
/usr/bin/make -f CMakeFiles/cmTC_3b018.dir/build.make CMakeFiles/cmTC_3b018.dir/build
make[2]: Entering directory '/home/leory/Yaphets_ws/src/apriltags_ros/apriltags_ros/CMakeFiles/CMakeTmp'
Building C object CMakeFiles/cmTC_3b018.dir/CheckSymbolExists.c.o
/usr/bin/cc     -o CMakeFiles/cmTC_3b018.dir/CheckSymbolExists.c.o   -c /home/leory/Yaphets_ws/src/apriltags_ros/apriltags_ros/CMakeFiles/CMakeTmp/CheckSymbolExists.c
Linking C executable cmTC_3b018
/usr/bin/cmake -E cmake_link_script CMakeFiles/cmTC_3b018.dir/link.txt --verbose=1
/usr/bin/cc       CMakeFiles/cmTC_3b018.dir/CheckSymbolExists.c.o  -o cmTC_3b018 -rdynamic 
CMakeFiles/cmTC_3b018.dir/CheckSymbolExists.c.o: In function `main':
CheckSymbolExists.c:(.text+0x16): undefined reference to `pthread_create'
collect2: error: ld returned 1 exit status
CMakeFiles/cmTC_3b018.dir/build.make:97: recipe for target 'cmTC_3b018' failed
make[2]: *** [cmTC_3b018] Error 1
make[2]: Leaving directory '/home/leory/Yaphets_ws/src/apriltags_ros/apriltags_ros/CMakeFiles/CMakeTmp'
Makefile:126: recipe for target 'cmTC_3b018/fast' failed
make[1]: *** [cmTC_3b018/fast] Error 2
make[1]: Leaving directory '/home/leory/Yaphets_ws/src/apriltags_ros/apriltags_ros/CMakeFiles/CMakeTmp'

File /home/leory/Yaphets_ws/src/apriltags_ros/apriltags_ros/CMakeFiles/CMakeTmp/CheckSymbolExists.c:
/* */
#include <pthread.h>

int main(int argc, char** argv)
{
  (void)argv;
#ifndef pthread_create
  return ((int*)(&pthread_create))[argc];
#else
  (void)argc;
  return 0;
#endif
}

Determining if the function pthread_create exists in the pthreads failed with the following output:
Change Dir: /home/leory/Yaphets_ws/src/apriltags_ros/apriltags_ros/CMakeFiles/CMakeTmp

Run Build Command:"/usr/bin/make" "cmTC_265da/fast"
make[1]: Entering directory '/home/leory/Yaphets_ws/src/apriltags_ros/apriltags_ros/CMakeFiles/CMakeTmp'
/usr/bin/make -f CMakeFiles/cmTC_265da.dir/build.make CMakeFiles/cmTC_265da.dir/build
make[2]: Entering directory '/home/leory/Yaphets_ws/src/apriltags_ros/apriltags_ros/CMakeFiles/CMakeTmp'
Building C object CMakeFiles/cmTC_265da.dir/CheckFunctionExists.c.o
/usr/bin/cc    -DCHECK_FUNCTION_EXISTS=pthread_create   -o CMakeFiles/cmTC_265da.dir/CheckFunctionExists.c.o   -c /usr/share/cmake-3.5/Modules/CheckFunctionExists.c
Linking C executable cmTC_265da
/usr/bin/cmake -E cmake_link_script CMakeFiles/cmTC_265da.dir/link.txt --verbose=1
/usr/bin/cc   -DCHECK_FUNCTION_EXISTS=pthread_create    CMakeFiles/cmTC_265da.dir/CheckFunctionExists.c.o  -o cmTC_265da -rdynamic -lpthreads 
/usr/bin/ld: cannot find -lpthreads
collect2: error: ld returned 1 exit status
CMakeFiles/cmTC_265da.dir/build.make:97: recipe for target 'cmTC_265da' failed
make[2]: *** [cmTC_265da] Error 1
make[2]: Leaving directory '/home/leory/Yaphets_ws/src/apriltags_ros/apriltags_ros/CMakeFiles/CMakeTmp'
Makefile:126: recipe for target 'cmTC_265da/fast' failed
make[1]: *** [cmTC_265da/fast] Error 2
make[1]: Leaving directory '/home/leory/Yaphets_ws/src/apriltags_ros/apriltags_ros/CMakeFiles/CMakeTmp'


